[0329/232031.048:WARNING:dns_config_service_win.cc(668)] Failed to read DnsConfig.
[0329/232036.071:WARNING:dns_config_service_win.cc(668)] Failed to read DnsConfig.
[0401/071900.201:INFO:CONSOLE(1)] "Long rAF frame-time", source: file:///C:/Program%20Files/Adobe/Adobe%20Photoshop%202020/Required/www-learn/build/external.js (1)
[0401/073247.283:ERROR:media_internals.cc(112)] Cannot get RenderProcessHost
[0401/142933.862:INFO:CONSOLE(1)] "Long rAF frame-time", source: file:///C:/Program%20Files/Adobe/Adobe%20Photoshop%202020/Required/www-rich-tooltips/build/external.js (1)
[0401/161133.043:ERROR:browser_gpu_channel_host_factory.cc(139)] Failed to launch GPU process.
[0402/170907.737:WARNING:dns_config_service_win.cc(668)] Failed to read DnsConfig.
[0402/170912.743:WARNING:dns_config_service_win.cc(668)] Failed to read DnsConfig.
[0402/171019.381:WARNING:dns_config_service_win.cc(668)] Failed to read DnsConfig.
[0402/171024.393:WARNING:dns_config_service_win.cc(668)] Failed to read DnsConfig.
[0402/171029.410:WARNING:dns_config_service_win.cc(668)] Failed to read DnsConfig.
[0402/171034.423:WARNING:dns_config_service_win.cc(668)] Failed to read DnsConfig.
[0402/171039.438:WARNING:dns_config_service_win.cc(668)] Failed to read DnsConfig.
[0402/171044.454:WARNING:dns_config_service_win.cc(668)] Failed to read DnsConfig.
[0402/171049.468:WARNING:dns_config_service_win.cc(668)] Failed to read DnsConfig.
[0402/171054.485:WARNING:dns_config_service_win.cc(668)] Failed to read DnsConfig.
[0402/171059.489:WARNING:dns_config_service_win.cc(668)] Failed to read DnsConfig.
[0402/171104.494:WARNING:dns_config_service_win.cc(668)] Failed to read DnsConfig.
[0402/171109.508:WARNING:dns_config_service_win.cc(668)] Failed to read DnsConfig.
[0402/171114.519:WARNING:dns_config_service_win.cc(668)] Failed to read DnsConfig.
[0402/171119.523:WARNING:dns_config_service_win.cc(668)] Failed to read DnsConfig.
[0402/171124.538:WARNING:dns_config_service_win.cc(668)] Failed to read DnsConfig.
[0402/171129.552:WARNING:dns_config_service_win.cc(668)] Failed to read DnsConfig.
[0402/171134.565:WARNING:dns_config_service_win.cc(668)] Failed to read DnsConfig.
[0402/171139.571:WARNING:dns_config_service_win.cc(668)] Failed to read DnsConfig.
[0404/231239.049:INFO:CONSOLE(1)] "Long rAF frame-time", source: file:///C:/Program%20Files/Adobe/Adobe%20Photoshop%202020/Required/www-rich-tooltips/build/external.js (1)
[0404/233825.481:ERROR:media_internals.cc(112)] Cannot get RenderProcessHost
